<?xml version="1.0" encoding="UTF-8"?>
<!-- Generated by org.testng.reporters.JUnitReportReporter -->
<testsuite skipped="0" hostname="Dhir-PC" name="com.copart.login.FindVehicle" tests="1" failures="0" timestamp="17 Jan 2017 18:07:54 GMT" time="9.424" errors="0">
  <testcase name="findingVechicle" time="9.424" classname="com.copart.login.FindVehicle"/>
</testsuite> <!-- com.copart.login.FindVehicle -->
