<?xml version="1.0" encoding="UTF-8"?>
<!-- Generated by org.testng.reporters.JUnitReportReporter -->
<testsuite skipped="0" hostname="Dhir-PC" name="ReadvaluesfromExcel.ReadLotvalues" tests="1" failures="0" timestamp="23 Nov 2016 18:15:45 GMT" time="31.823" errors="0">
  <testcase name="readdata" time="31.823" classname="ReadvaluesfromExcel.ReadLotvalues"/>
</testsuite> <!-- ReadvaluesfromExcel.ReadLotvalues -->
