<?xml version="1.0" encoding="UTF-8"?>
<!-- Generated by org.testng.reporters.JUnitReportReporter -->
<testsuite skipped="0" hostname="Dhir-PC" name="com.copart.login.SearchVehicle" tests="2" failures="0" timestamp="15 Jan 2017 23:47:42 GMT" time="46.669" errors="0">
  <testcase name="rowVerification" time="26.581" classname="com.copart.login.SearchVehicle"/>
  <testcase name="searchingVechicle" time="20.088" classname="com.copart.login.SearchVehicle"/>
</testsuite> <!-- com.copart.login.SearchVehicle -->
